{"/Users/chinemelunwosu/Desktop/poptin-editor-v2/src/tests/sum.ts": {"path":"/Users/chinemelunwosu/Desktop/poptin-editor-v2/src/tests/sum.ts","all":false,"statementMap":{"0":{"start":{"line":1,"column":0},"end":{"line":1,"column":42}},"1":{"start":{"line":2,"column":0},"end":{"line":2,"column":14}},"2":{"start":{"line":3,"column":0},"end":{"line":3,"column":1}}},"s":{"0":1,"1":1,"2":1},"branchMap":{"0":{"type":"branch","line":1,"loc":{"start":{"line":1,"column":15},"end":{"line":3,"column":1}},"locations":[{"start":{"line":1,"column":15},"end":{"line":3,"column":1}}]}},"b":{"0":[1]},"fnMap":{},"f":{}}
}
